<?xml version="1.0" encoding="UTF-8"?>
<testsuite name="com.tp1.tp1.Tp1ApplicationTests" tests="1" skipped="0" failures="0" errors="0" timestamp="2024-05-08T22:18:47" hostname="LAPTOP-F94VO8PJ" time="1.727">
  <properties/>
  <testcase name="contextLoads()" classname="com.tp1.tp1.Tp1ApplicationTests" time="1.727"/>
  <system-out><![CDATA[23:18:36.587 [Test worker] INFO org.springframework.test.context.support.AnnotationConfigContextLoaderUtils -- Could not detect default configuration classes for test class [com.tp1.tp1.Tp1ApplicationTests]: Tp1ApplicationTests does not declare any static, non-private, non-final, nested classes annotated with @Configuration.
23:18:36.764 [Test worker] INFO org.springframework.boot.test.context.SpringBootTestContextBootstrapper -- Found @SpringBootConfiguration com.tp1.tp1.Tp1Application for test class com.tp1.tp1.Tp1ApplicationTests

  .   ____          _            __ _ _
 /\\ / ___'_ __ _ _(_)_ __  __ _ \ \ \ \
( ( )\___ | '_ | '_| | '_ \/ _` | \ \ \ \
 \\/  ___)| |_)| | | | | || (_| |  ) ) ) )
  '  |____| .__|_| |_|_| |_\__, | / / / /
 =========|_|==============|___/=/_/_/_/
 :: Spring Boot ::                (v3.2.5)

2024-05-08T23:18:37.535+01:00  INFO 34264 --- [Tp1] [    Test worker] com.tp1.tp1.Tp1ApplicationTests          : Starting Tp1ApplicationTests using Java 21.0.2 with PID 34264 (started by HP VICTUS in C:\Users\danie\IdeaProjects\Tp1)
2024-05-08T23:18:37.541+01:00  INFO 34264 --- [Tp1] [    Test worker] com.tp1.tp1.Tp1ApplicationTests          : No active profile set, falling back to 1 default profile: "default"
2024-05-08T23:18:40.090+01:00  INFO 34264 --- [Tp1] [    Test worker] com.zaxxer.hikari.HikariDataSource       : HikariPool-1 - Starting...
2024-05-08T23:18:40.457+01:00  INFO 34264 --- [Tp1] [    Test worker] com.zaxxer.hikari.pool.HikariPool        : HikariPool-1 - Added connection org.postgresql.jdbc.PgConnection@1ac6dd3d
2024-05-08T23:18:40.461+01:00  INFO 34264 --- [Tp1] [    Test worker] com.zaxxer.hikari.HikariDataSource       : HikariPool-1 - Start completed.
2024-05-08T23:18:46.943+01:00  INFO 34264 --- [Tp1] [    Test worker] com.tp1.tp1.Tp1ApplicationTests          : Started Tp1ApplicationTests in 9.902 seconds (process running for 12.037)
]]></system-out>
  <system-err><![CDATA[WARNING: A Java agent has been loaded dynamically (C:\Users\danie\.gradle\caches\modules-2\files-2.1\net.bytebuddy\byte-buddy-agent\1.14.13\979ce25f7d3096a2e82214ba7dc972a05ce7a171\byte-buddy-agent-1.14.13.jar)
WARNING: If a serviceability tool is in use, please run with -XX:+EnableDynamicAgentLoading to hide this warning
WARNING: If a serviceability tool is not in use, please run with -Djdk.instrument.traceUsage for more information
WARNING: Dynamic loading of agents will be disallowed by default in a future release
]]></system-err>
</testsuite>
